<?xml version="1.0" encoding="UTF-8"?>
<testng-results skipped="0" failed="0" ignored="0" total="1" passed="1">
  <reporter-output>
  </reporter-output>
  <suite name="Default suite" duration-ms="25207" started-at="2019-08-10T05:51:20Z" finished-at="2019-08-10T05:51:46Z">
    <groups>
      <group name="cucumber">
        <method signature="AbstractTestNGCucumberTests.feature(cucumber.api.testng.CucumberFeatureWrapper)[pri:0, instance:test_runner_pkg.testrunner@cb5822]" name="feature" class="cucumber.api.testng.AbstractTestNGCucumberTests"/>
      </group> <!-- cucumber -->
    </groups>
    <test name="Default test" duration-ms="25207" started-at="2019-08-10T05:51:20Z" finished-at="2019-08-10T05:51:46Z">
      <class name="test_runner_pkg.testrunner">
        <test-method status="PASS" signature="setUpClass()[pri:0, instance:test_runner_pkg.testrunner@cb5822]" name="setUpClass" is-config="true" duration-ms="249" started-at="2019-08-10T05:51:20Z" finished-at="2019-08-10T05:51:21Z">
          <reporter-output>
          </reporter-output>
        </test-method> <!-- setUpClass -->
        <test-method status="PASS" signature="feature(cucumber.api.testng.CucumberFeatureWrapper)[pri:0, instance:test_runner_pkg.testrunner@cb5822]" name="feature" duration-ms="24839" started-at="2019-08-10T05:51:21Z" description="Runs Cucumber Feature" data-provider="features" finished-at="2019-08-10T05:51:46Z">
          <params>
            <param index="0">
              <value>
                <![CDATA[Automate using Cucumber with TestNG]]>
              </value>
            </param>
          </params>
          <reporter-output>
          </reporter-output>
        </test-method> <!-- feature -->
        <test-method status="PASS" signature="tearDownClass()[pri:0, instance:test_runner_pkg.testrunner@cb5822]" name="tearDownClass" is-config="true" duration-ms="8" started-at="2019-08-10T05:51:46Z" finished-at="2019-08-10T05:51:46Z">
          <reporter-output>
          </reporter-output>
        </test-method> <!-- tearDownClass -->
      </class> <!-- test_runner_pkg.testrunner -->
    </test> <!-- Default test -->
  </suite> <!-- Default suite -->
</testng-results>
